<?xml version="1.0" encoding="UTF-8"?>
<!-- Generated by org.testng.reporters.JUnitReportReporter -->
<testsuite skipped="0" hostname="LIN59018518" name="com.example.TestRunner" tests="2" failures="0" timestamp="2022-04-27T09:49:23 IST" time="10.971" errors="0">
  <testcase name="runScenario" time="4.858" classname="com.example.TestRunner"/>
  <system-out/>
  <testcase name="runScenario" time="6.113" classname="com.example.TestRunner"/>
  <system-out/>
</testsuite> <!-- com.example.TestRunner -->
